Flutter crash report; please file at https://github.com/flutter/flutter/issues.

## command

flutter run -d sm

## exception

ProcessException: ProcessException: Process "/Users/armaangoel/Desktop/CFC/PassMaster-App/android/gradlew" exited abnormally:

FAILURE: Build failed with an exception.

* What went wrong:
Could not determine java version from '11.0.1'.

* Try:
Run with --stacktrace option to get the stack trace. Run with --info or --debug option to get more log output. Run with --scan to get full insights.

* Get more help at https://help.gradle.org
  Command: /Users/armaangoel/Desktop/CFC/PassMaster-App/android/gradlew -v

```
#0      runCheckedAsync (package:flutter_tools/src/base/process.dart:255:5)
<asynchronous suspension>
#1      _initializeGradle (package:flutter_tools/src/android/gradle.dart:225:9)
<asynchronous suspension>
#2      _ensureGradle (package:flutter_tools/src/android/gradle.dart:206:37)
<asynchronous suspension>
#3      _readGradleProject (package:flutter_tools/src/android/gradle.dart:134:31)
<asynchronous suspension>
#4      _gradleProject (package:flutter_tools/src/android/gradle.dart:111:34)
<asynchronous suspension>
#5      getGradleAppOut (package:flutter_tools/src/android/gradle.dart:105:29)
<asynchronous suspension>
#6      AndroidApk.fromAndroidProject (package:flutter_tools/src/application_package.dart:144:23)
<asynchronous suspension>
#7      ApplicationPackageFactory.getPackageForPlatform (package:flutter_tools/src/application_package.dart:42:32)
<asynchronous suspension>
#8      FlutterDevice.runHot (package:flutter_tools/src/resident_runner.dart:290:56)
<asynchronous suspension>
#9      HotRunner.run (package:flutter_tools/src/run_hot.dart:308:39)
<asynchronous suspension>
#10     RunCommand.runCommand (package:flutter_tools/src/commands/run.dart:412:37)
<asynchronous suspension>
#11     FlutterCommand.verifyThenRunCommand (package:flutter_tools/src/runner/flutter_command.dart:549:18)
#12     _asyncThenWrapperHelper.<anonymous closure> (dart:async/runtime/lib/async_patch.dart:77:64)
#13     _rootRunUnary (dart:async/zone.dart:1132:38)
#14     _CustomZone.runUnary (dart:async/zone.dart:1029:19)
#15     _FutureListener.handleValue (dart:async/future_impl.dart:126:18)
#16     Future._propagateToListeners.handleValueCallback (dart:async/future_impl.dart:639:45)
#17     Future._propagateToListeners (dart:async/future_impl.dart:668:32)
#18     Future._complete (dart:async/future_impl.dart:473:7)
#19     _SyncCompleter.complete (dart:async/future_impl.dart:51:12)
#20     _AsyncAwaitCompleter.complete (dart:async/runtime/lib/async_patch.dart:28:18)
#21     _completeOnAsyncReturn (dart:async/runtime/lib/async_patch.dart:294:13)
#22     RunCommand.usageValues (package:flutter_tools/src/commands/run.dart)
#23     _asyncThenWrapperHelper.<anonymous closure> (dart:async/runtime/lib/async_patch.dart:77:64)
#24     _rootRunUnary (dart:async/zone.dart:1132:38)
#25     _CustomZone.runUnary (dart:async/zone.dart:1029:19)
#26     _FutureListener.handleValue (dart:async/future_impl.dart:126:18)
#27     Future._propagateToListeners.handleValueCallback (dart:async/future_impl.dart:639:45)
#28     Future._propagateToListeners (dart:async/future_impl.dart:668:32)
#29     Future._complete (dart:async/future_impl.dart:473:7)
#30     _SyncCompleter.complete (dart:async/future_impl.dart:51:12)
#31     _AsyncAwaitCompleter.complete (dart:async/runtime/lib/async_patch.dart:28:18)
#32     _completeOnAsyncReturn (dart:async/runtime/lib/async_patch.dart:294:13)
#33     AndroidDevice.targetPlatform (package:flutter_tools/src/android/android_device.dart)
#34     _asyncThenWrapperHelper.<anonymous closure> (dart:async/runtime/lib/async_patch.dart:77:64)
#35     _rootRunUnary (dart:async/zone.dart:1132:38)
#36     _CustomZone.runUnary (dart:async/zone.dart:1029:19)
#37     _FutureListener.handleValue (dart:async/future_impl.dart:126:18)
#38     Future._propagateToListeners.handleValueCallback (dart:async/future_impl.dart:639:45)
#39     Future._propagateToListeners (dart:async/future_impl.dart:668:32)
#40     Future._complete (dart:async/future_impl.dart:473:7)
#41     _SyncCompleter.complete (dart:async/future_impl.dart:51:12)
#42     _AsyncAwaitCompleter.complete.<anonymous closure> (dart:async/runtime/lib/async_patch.dart:33:20)
#43     _rootRun (dart:async/zone.dart:1124:13)
#44     _CustomZone.run (dart:async/zone.dart:1021:19)
#45     _CustomZone.bindCallback.<anonymous closure> (dart:async/zone.dart:947:23)
#46     _microtaskLoop (dart:async/schedule_microtask.dart:41:21)
#47     _startMicrotaskLoop (dart:async/schedule_microtask.dart:50:5)
#48     _runPendingImmediateCallback (dart:isolate/runtime/lib/isolate_patch.dart:115:13)
#49     _RawReceivePortImpl._handleMessage (dart:isolate/runtime/lib/isolate_patch.dart:172:5)
```

## flutter doctor

```
[32m[✓][39m Flutter (Channel beta, v1.3.8, on Mac OS X 10.14 18A391, locale en-US)
    [32m•[39m Flutter version 1.3.8 at /Users/armaangoel/development/flutter
    [32m•[39m Framework revision e5b1ed7a7f (11 days ago), 2019-03-06 14:23:37 -0800
    [32m•[39m Engine revision f4951df193
    [32m•[39m Dart version 2.2.1 (build 2.2.1-dev.0.0 571ea80e11)

[32m[✓][39m Android toolchain - develop for Android devices (Android SDK version 28.0.3)
    [32m•[39m Android SDK at /Users/armaangoel/Library/Android/sdk
    [32m•[39m Android NDK location not configured (optional; useful for native profiling
      support)
    [32m•[39m Platform android-28, build-tools 28.0.3
    [32m•[39m Java binary at:
      /Library/Java/JavaVirtualMachines/jdk1.8.0_144.jdk/Contents/Home/bin/java
    [32m•[39m Java version Java(TM) SE Runtime Environment (build 1.8.0_144-b01)
    [32m•[39m All Android licenses accepted.

[32m[✓][39m iOS toolchain - develop for iOS devices (Xcode 10.1)
    [32m•[39m Xcode at /Applications/Xcode.app/Contents/Developer
    [32m•[39m Xcode 10.1, Build version 10B61
    [32m•[39m ios-deploy 1.9.4
    [32m•[39m CocoaPods version 1.5.3

[33m[!][39m Android Studio (not installed)
    [32m•[39m Android Studio not found; download from
      https://developer.android.com/studio/index.html
      (or visit https://flutter.io/setup/#android-setup for detailed instructions).

[32m[✓][39m VS Code (version 1.32.3)
    [32m•[39m VS Code at /Applications/Visual Studio Code.app/Contents
    [32m•[39m Flutter extension version 2.24.0

[32m[✓][39m Connected device (2 available)
    [32m•[39m SM G950U • 9887e0434c4846344c                   • android-arm64 • Android
      8.0.0 (API 26)
    [32m•[39m iPhone 8 • 55ADCE99-A28C-43B7-834A-EBD09111A0FD • ios           • iOS 12.1
      (simulator)

[33m![39m Doctor found issues in 1 category.
```
